[29-Nov-2015 18:44:48 UTC] PHP Fatal error:  Class 'Symfony\Component\Console\Helper\HelperSet' not found in /home/ubuntu/workspace/application/cli-doctrine.php on line 17
[29-Nov-2015 18:44:48 UTC] PHP Stack trace:
[29-Nov-2015 18:44:48 UTC] PHP   1. {main}() /home/ubuntu/workspace/application/cli-doctrine.php:0
[29-Nov-2015 18:46:25 UTC] PHP Fatal error:  Class 'Symfony\Component\Console\Helper\HelperSet' not found in /home/ubuntu/workspace/application/cli-doctrine.php on line 17
[29-Nov-2015 18:46:25 UTC] PHP Stack trace:
[29-Nov-2015 18:46:25 UTC] PHP   1. {main}() /home/ubuntu/workspace/application/cli-doctrine.php:0
[29-Nov-2015 18:47:00 UTC] PHP Fatal error:  Class 'Symfony\Component\Console\Helper\HelperSet' not found in /home/ubuntu/workspace/application/cli-doctrine.php on line 17
[29-Nov-2015 18:47:00 UTC] PHP Stack trace:
[29-Nov-2015 18:47:00 UTC] PHP   1. {main}() /home/ubuntu/workspace/application/cli-doctrine.php:0
[29-Nov-2015 18:47:13 UTC] PHP Fatal error:  Class 'Symfony\Component\Console\Helper\HelperSet' not found in /home/ubuntu/workspace/application/cli-doctrine.php on line 17
[29-Nov-2015 18:47:13 UTC] PHP Stack trace:
[29-Nov-2015 18:47:13 UTC] PHP   1. {main}() /home/ubuntu/workspace/application/cli-doctrine.php:0
[29-Nov-2015 18:48:06 UTC] PHP Warning:  require(/home/ubuntu/workspace/application/application/libraries/Doctrine.php): failed to open stream: No such file or directory in /home/ubuntu/workspace/application/cli-doctrine.php on line 12
[29-Nov-2015 18:48:07 UTC] PHP Stack trace:
[29-Nov-2015 18:48:07 UTC] PHP   1. {main}() /home/ubuntu/workspace/application/cli-doctrine.php:0
[29-Nov-2015 18:48:07 UTC] PHP Fatal error:  require(): Failed opening required '/home/ubuntu/workspace/application/application/libraries/Doctrine.php' (include_path='.:/usr/share/php:/usr/share/pear') in /home/ubuntu/workspace/application/cli-doctrine.php on line 12
[29-Nov-2015 18:48:07 UTC] PHP Stack trace:
[29-Nov-2015 18:48:07 UTC] PHP   1. {main}() /home/ubuntu/workspace/application/cli-doctrine.php:0
[29-Nov-2015 18:48:22 UTC] PHP Warning:  require(/home/ubuntu/workspace/application/applicationlibraries/Doctrine.php): failed to open stream: No such file or directory in /home/ubuntu/workspace/application/cli-doctrine.php on line 12
[29-Nov-2015 18:48:22 UTC] PHP Stack trace:
[29-Nov-2015 18:48:22 UTC] PHP   1. {main}() /home/ubuntu/workspace/application/cli-doctrine.php:0
[29-Nov-2015 18:48:22 UTC] PHP Fatal error:  require(): Failed opening required '/home/ubuntu/workspace/application/applicationlibraries/Doctrine.php' (include_path='.:/usr/share/php:/usr/share/pear') in /home/ubuntu/workspace/application/cli-doctrine.php on line 12
[29-Nov-2015 18:48:22 UTC] PHP Stack trace:
[29-Nov-2015 18:48:22 UTC] PHP   1. {main}() /home/ubuntu/workspace/application/cli-doctrine.php:0
[29-Nov-2015 18:49:00 UTC] PHP Fatal error:  Class 'Symfony\Component\Console\Helper\HelperSet' not found in /home/ubuntu/workspace/application/cli-doctrine.php on line 17
[29-Nov-2015 18:49:00 UTC] PHP Stack trace:
[29-Nov-2015 18:49:00 UTC] PHP   1. {main}() /home/ubuntu/workspace/application/cli-doctrine.php:0
[29-Nov-2015 18:52:16 UTC] PHP Fatal error:  Class 'Symfony\Component\Console\Helper\HelperSet' not found in /home/ubuntu/workspace/application/cli-doctrine.php on line 17
[29-Nov-2015 18:52:16 UTC] PHP Stack trace:
[29-Nov-2015 18:52:16 UTC] PHP   1. {main}() /home/ubuntu/workspace/application/cli-doctrine.php:0
[29-Nov-2015 18:55:57 UTC] PHP Fatal error:  Class 'Doctrine\Common\Inflector\Inflector' not found in /home/ubuntu/workspace/application/third_party/Doctrine/Common/Util/Inflector.php on line 30
[29-Nov-2015 18:55:57 UTC] PHP Stack trace:
[29-Nov-2015 18:55:57 UTC] PHP   1. {main}() /home/ubuntu/workspace/application/cli-doctrine.php:0
[29-Nov-2015 18:55:57 UTC] PHP   2. Doctrine\ORM\Tools\Console\ConsoleRunner::run() /home/ubuntu/workspace/application/cli-doctrine.php:22
[29-Nov-2015 18:55:57 UTC] PHP   3. Symfony\Component\Console\Application->run() /home/ubuntu/workspace/application/third_party/Doctrine/ORM/Tools/Console/ConsoleRunner.php:60
[29-Nov-2015 18:55:57 UTC] PHP   4. Symfony\Component\Console\Application->doRun() /home/ubuntu/workspace/application/third_party/Doctrine/Symfony/Component/Console/Application.php:120
[29-Nov-2015 18:55:57 UTC] PHP   5. Symfony\Component\Console\Application->doRunCommand() /home/ubuntu/workspace/application/third_party/Doctrine/Symfony/Component/Console/Application.php:189
[29-Nov-2015 18:55:57 UTC] PHP   6. Symfony\Component\Console\Command\Command->run() /home/ubuntu/workspace/application/third_party/Doctrine/Symfony/Component/Console/Application.php:838
[29-Nov-2015 18:55:57 UTC] PHP   7. Doctrine\ORM\Tools\Console\Command\ConvertMappingCommand->execute() /home/ubuntu/workspace/application/third_party/Doctrine/Symfony/Component/Console/Command/Command.php:256
[29-Nov-2015 18:55:57 UTC] PHP   8. Doctrine\Common\Persistence\Mapping\AbstractClassMetadataFactory->getAllMetadata() /home/ubuntu/workspace/application/third_party/Doctrine/ORM/Tools/Console/Command/ConvertMappingCommand.php:135
[29-Nov-2015 18:55:57 UTC] PHP   9. Doctrine\ORM\Mapping\Driver\DatabaseDriver->getAllClassNames() /home/ubuntu/workspace/application/third_party/Doctrine/Common/Persistence/Mapping/AbstractClassMetadataFactory.php:114
[29-Nov-2015 18:55:57 UTC] PHP  10. Doctrine\ORM\Mapping\Driver\DatabaseDriver->reverseEngineerMappingFromDatabase() /home/ubuntu/workspace/application/third_party/Doctrine/ORM/Mapping/Driver/DatabaseDriver.php:114
[29-Nov-2015 18:55:57 UTC] PHP  11. Doctrine\ORM\Mapping\Driver\DatabaseDriver->getClassNameForTable() /home/ubuntu/workspace/application/third_party/Doctrine/ORM/Mapping/Driver/DatabaseDriver.php:304
[29-Nov-2015 18:55:57 UTC] PHP  12. spl_autoload_call() /home/ubuntu/workspace/application/third_party/Doctrine/ORM/Mapping/Driver/DatabaseDriver.php:529
[29-Nov-2015 18:55:57 UTC] PHP  13. Doctrine\Common\ClassLoader->loadClass() /home/ubuntu/workspace/application/third_party/Doctrine/ORM/Mapping/Driver/DatabaseDriver.php:529
[29-Nov-2015 18:55:57 UTC] PHP  14. require() /home/ubuntu/workspace/application/third_party/Doctrine/Common/ClassLoader.php:188
[29-Nov-2015 18:58:20 UTC] PHP Fatal error:  Class 'Doctrine\Common\Inflector\Inflector' not found in /home/ubuntu/workspace/application/third_party/Doctrine/Common/Util/Inflector.php on line 30
[29-Nov-2015 18:58:20 UTC] PHP Stack trace:
[29-Nov-2015 18:58:20 UTC] PHP   1. {main}() /home/ubuntu/workspace/application/cli-doctrine.php:0
[29-Nov-2015 18:58:20 UTC] PHP   2. Doctrine\ORM\Tools\Console\ConsoleRunner::run() /home/ubuntu/workspace/application/cli-doctrine.php:22
[29-Nov-2015 18:58:20 UTC] PHP   3. Symfony\Component\Console\Application->run() /home/ubuntu/workspace/application/third_party/Doctrine/ORM/Tools/Console/ConsoleRunner.php:60
[29-Nov-2015 18:58:20 UTC] PHP   4. Symfony\Component\Console\Application->doRun() /home/ubuntu/workspace/application/third_party/Doctrine/Symfony/Component/Console/Application.php:120
[29-Nov-2015 18:58:20 UTC] PHP   5. Symfony\Component\Console\Application->doRunCommand() /home/ubuntu/workspace/application/third_party/Doctrine/Symfony/Component/Console/Application.php:189
[29-Nov-2015 18:58:20 UTC] PHP   6. Symfony\Component\Console\Command\Command->run() /home/ubuntu/workspace/application/third_party/Doctrine/Symfony/Component/Console/Application.php:838
[29-Nov-2015 18:58:20 UTC] PHP   7. Doctrine\ORM\Tools\Console\Command\ConvertMappingCommand->execute() /home/ubuntu/workspace/application/third_party/Doctrine/Symfony/Component/Console/Command/Command.php:256
[29-Nov-2015 18:58:20 UTC] PHP   8. Doctrine\Common\Persistence\Mapping\AbstractClassMetadataFactory->getAllMetadata() /home/ubuntu/workspace/application/third_party/Doctrine/ORM/Tools/Console/Command/ConvertMappingCommand.php:135
[29-Nov-2015 18:58:20 UTC] PHP   9. Doctrine\ORM\Mapping\Driver\DatabaseDriver->getAllClassNames() /home/ubuntu/workspace/application/third_party/Doctrine/Common/Persistence/Mapping/AbstractClassMetadataFactory.php:114
[29-Nov-2015 18:58:20 UTC] PHP  10. Doctrine\ORM\Mapping\Driver\DatabaseDriver->reverseEngineerMappingFromDatabase() /home/ubuntu/workspace/application/third_party/Doctrine/ORM/Mapping/Driver/DatabaseDriver.php:114
[29-Nov-2015 18:58:20 UTC] PHP  11. Doctrine\ORM\Mapping\Driver\DatabaseDriver->getClassNameForTable() /home/ubuntu/workspace/application/third_party/Doctrine/ORM/Mapping/Driver/DatabaseDriver.php:304
[29-Nov-2015 18:58:20 UTC] PHP  12. spl_autoload_call() /home/ubuntu/workspace/application/third_party/Doctrine/ORM/Mapping/Driver/DatabaseDriver.php:529
[29-Nov-2015 18:58:20 UTC] PHP  13. Doctrine\Common\ClassLoader->loadClass() /home/ubuntu/workspace/application/third_party/Doctrine/ORM/Mapping/Driver/DatabaseDriver.php:529
[29-Nov-2015 18:58:20 UTC] PHP  14. require() /home/ubuntu/workspace/application/third_party/Doctrine/Common/ClassLoader.php:188
